<?xml version="1.0" encoding="UTF-8"?>
<!-- Generated by org.testng.reporters.JUnitXMLReporter -->
<testsuite ignored="0" hostname="DESKTOP-LOFOO1Q" failures="1" tests="3" name="Default test" time="0.342" errors="0" timestamp="2022-10-02T22:57:31 IST">
  <testcase classname="DemoTest.AnnotationAttributes" name="test1" time="0.015"/>
  <testcase classname="DemoTest.AnnotationAttributes" name="test2" time="0.228">
    <failure type="org.testng.internal.thread.ThreadTimeoutException" message="Method DemoTest.AnnotationAttributes.test2() didn&amp;apos;t finish within the time-out 200">
      <![CDATA[org.testng.internal.thread.ThreadTimeoutException: Method DemoTest.AnnotationAttributes.test2() didn't finish within the time-out 200
at java.base@17.0.4.1/java.lang.Thread.sleep(Native Method)
at app//DemoTest.AnnotationAttributes.test2(AnnotationAttributes.java:15)
at java.base@17.0.4.1/jdk.internal.reflect.NativeMethodAccessorImpl.invoke0(Native Method)
at java.base@17.0.4.1/jdk.internal.reflect.NativeMethodAccessorImpl.invoke(NativeMethodAccessorImpl.java:77)
at java.base@17.0.4.1/jdk.internal.reflect.DelegatingMethodAccessorImpl.invoke(DelegatingMethodAccessorImpl.java:43)
at java.base@17.0.4.1/java.lang.reflect.Method.invoke(Method.java:568)
at app//org.testng.internal.invokers.MethodInvocationHelper.invokeMethod(MethodInvocationHelper.java:135)
at app//org.testng.internal.invokers.InvokeMethodRunnable.runOne(InvokeMethodRunnable.java:44)
at app//org.testng.internal.invokers.InvokeMethodRunnable.call(InvokeMethodRunnable.java:72)
at app//org.testng.internal.invokers.InvokeMethodRunnable.call(InvokeMethodRunnable.java:10)
at java.base@17.0.4.1/java.util.concurrent.FutureTask.run(FutureTask.java:264)
at java.base@17.0.4.1/java.util.concurrent.ThreadPoolExecutor.runWorker(ThreadPoolExecutor.java:1136)
at java.base@17.0.4.1/java.util.concurrent.ThreadPoolExecutor$Worker.run(ThreadPoolExecutor.java:635)
at java.base@17.0.4.1/java.lang.Thread.run(Thread.java:833)
]]>
    </failure>
  </testcase> <!-- test2 -->
  <testcase classname="DemoTest.AnnotationAttributes" name="test3" time="0.005"/>
</testsuite> <!-- Default test -->
